<?xml version="1.0" encoding="UTF-8"?>
<testsuite xmlns:xsi="http://www.w3.org/2001/XMLSchema-instance" xsi:noNamespaceSchemaLocation="https://maven.apache.org/surefire/maven-surefire-plugin/xsd/surefire-test-report.xsd" name="com.yqz.download.DownloadDemoApplicationTests" time="5.271" tests="1" errors="0" skipped="0" failures="0">
  <properties>
    <property name="sun.desktop" value="windows"/>
    <property name="awt.toolkit" value="sun.awt.windows.WToolkit"/>
    <property name="file.encoding.pkg" value="sun.io"/>
    <property name="java.specification.version" value="1.8"/>
    <property name="sun.cpu.isalist" value="amd64"/>
    <property name="sun.jnu.encoding" value="GBK"/>
    <property name="java.class.path" value="C:\Users\admin\Desktop\downloadDemo\target\test-classes;C:\Users\admin\Desktop\downloadDemo\target\classes;C:\Maven\LocalWareHouse\org\springframework\boot\spring-boot-starter-web\2.5.2\spring-boot-starter-web-2.5.2.jar;C:\Maven\LocalWareHouse\org\springframework\boot\spring-boot-starter\2.5.2\spring-boot-starter-2.5.2.jar;C:\Maven\LocalWareHouse\org\springframework\boot\spring-boot\2.5.2\spring-boot-2.5.2.jar;C:\Maven\LocalWareHouse\org\springframework\boot\spring-boot-autoconfigure\2.5.2\spring-boot-autoconfigure-2.5.2.jar;C:\Maven\LocalWareHouse\org\springframework\boot\spring-boot-starter-logging\2.5.2\spring-boot-starter-logging-2.5.2.jar;C:\Maven\LocalWareHouse\ch\qos\logback\logback-classic\1.2.3\logback-classic-1.2.3.jar;C:\Maven\LocalWareHouse\ch\qos\logback\logback-core\1.2.3\logback-core-1.2.3.jar;C:\Maven\LocalWareHouse\org\apache\logging\log4j\log4j-to-slf4j\2.14.1\log4j-to-slf4j-2.14.1.jar;C:\Maven\LocalWareHouse\org\apache\logging\log4j\log4j-api\2.14.1\log4j-api-2.14.1.jar;C:\Maven\LocalWareHouse\org\slf4j\jul-to-slf4j\1.7.31\jul-to-slf4j-1.7.31.jar;C:\Maven\LocalWareHouse\jakarta\annotation\jakarta.annotation-api\1.3.5\jakarta.annotation-api-1.3.5.jar;C:\Maven\LocalWareHouse\org\yaml\snakeyaml\1.28\snakeyaml-1.28.jar;C:\Maven\LocalWareHouse\org\springframework\boot\spring-boot-starter-json\2.5.2\spring-boot-starter-json-2.5.2.jar;C:\Maven\LocalWareHouse\com\fasterxml\jackson\core\jackson-databind\2.12.3\jackson-databind-2.12.3.jar;C:\Maven\LocalWareHouse\com\fasterxml\jackson\core\jackson-annotations\2.12.3\jackson-annotations-2.12.3.jar;C:\Maven\LocalWareHouse\com\fasterxml\jackson\core\jackson-core\2.12.3\jackson-core-2.12.3.jar;C:\Maven\LocalWareHouse\com\fasterxml\jackson\datatype\jackson-datatype-jdk8\2.12.3\jackson-datatype-jdk8-2.12.3.jar;C:\Maven\LocalWareHouse\com\fasterxml\jackson\datatype\jackson-datatype-jsr310\2.12.3\jackson-datatype-jsr310-2.12.3.jar;C:\Maven\LocalWareHouse\com\fasterxml\jackson\module\jackson-module-parameter-names\2.12.3\jackson-module-parameter-names-2.12.3.jar;C:\Maven\LocalWareHouse\org\springframework\boot\spring-boot-starter-tomcat\2.5.2\spring-boot-starter-tomcat-2.5.2.jar;C:\Maven\LocalWareHouse\org\apache\tomcat\embed\tomcat-embed-websocket\9.0.48\tomcat-embed-websocket-9.0.48.jar;C:\Maven\LocalWareHouse\org\springframework\spring-web\5.3.8\spring-web-5.3.8.jar;C:\Maven\LocalWareHouse\org\springframework\spring-beans\5.3.8\spring-beans-5.3.8.jar;C:\Maven\LocalWareHouse\org\springframework\spring-webmvc\5.3.8\spring-webmvc-5.3.8.jar;C:\Maven\LocalWareHouse\org\springframework\spring-aop\5.3.8\spring-aop-5.3.8.jar;C:\Maven\LocalWareHouse\org\springframework\spring-context\5.3.8\spring-context-5.3.8.jar;C:\Maven\LocalWareHouse\org\springframework\spring-expression\5.3.8\spring-expression-5.3.8.jar;C:\Maven\LocalWareHouse\org\springframework\boot\spring-boot-starter-web-services\2.5.2\spring-boot-starter-web-services-2.5.2.jar;C:\Maven\LocalWareHouse\com\sun\xml\messaging\saaj\saaj-impl\1.5.3\saaj-impl-1.5.3.jar;C:\Maven\LocalWareHouse\jakarta\xml\soap\jakarta.xml.soap-api\1.4.2\jakarta.xml.soap-api-1.4.2.jar;C:\Maven\LocalWareHouse\org\jvnet\staxex\stax-ex\1.8.3\stax-ex-1.8.3.jar;C:\Maven\LocalWareHouse\com\sun\activation\jakarta.activation\1.2.2\jakarta.activation-1.2.2.jar;C:\Maven\LocalWareHouse\jakarta\xml\ws\jakarta.xml.ws-api\2.3.3\jakarta.xml.ws-api-2.3.3.jar;C:\Maven\LocalWareHouse\jakarta\jws\jakarta.jws-api\2.1.0\jakarta.jws-api-2.1.0.jar;C:\Maven\LocalWareHouse\org\springframework\spring-oxm\5.3.8\spring-oxm-5.3.8.jar;C:\Maven\LocalWareHouse\org\springframework\ws\spring-ws-core\3.1.1\spring-ws-core-3.1.1.jar;C:\Maven\LocalWareHouse\org\springframework\ws\spring-xml\3.1.1\spring-xml-3.1.1.jar;C:\Maven\LocalWareHouse\org\projectlombok\lombok\1.18.20\lombok-1.18.20.jar;C:\Maven\LocalWareHouse\org\springframework\boot\spring-boot-starter-test\2.5.2\spring-boot-starter-test-2.5.2.jar;C:\Maven\LocalWareHouse\org\springframework\boot\spring-boot-test\2.5.2\spring-boot-test-2.5.2.jar;C:\Maven\LocalWareHouse\org\springframework\boot\spring-boot-test-autoconfigure\2.5.2\spring-boot-test-autoconfigure-2.5.2.jar;C:\Maven\LocalWareHouse\com\jayway\jsonpath\json-path\2.5.0\json-path-2.5.0.jar;C:\Maven\LocalWareHouse\net\minidev\json-smart\2.4.7\json-smart-2.4.7.jar;C:\Maven\LocalWareHouse\net\minidev\accessors-smart\2.4.7\accessors-smart-2.4.7.jar;C:\Maven\LocalWareHouse\org\ow2\asm\asm\9.1\asm-9.1.jar;C:\Maven\LocalWareHouse\jakarta\xml\bind\jakarta.xml.bind-api\2.3.3\jakarta.xml.bind-api-2.3.3.jar;C:\Maven\LocalWareHouse\jakarta\activation\jakarta.activation-api\1.2.2\jakarta.activation-api-1.2.2.jar;C:\Maven\LocalWareHouse\org\assertj\assertj-core\3.19.0\assertj-core-3.19.0.jar;C:\Maven\LocalWareHouse\org\hamcrest\hamcrest\2.2\hamcrest-2.2.jar;C:\Maven\LocalWareHouse\org\junit\jupiter\junit-jupiter\5.7.2\junit-jupiter-5.7.2.jar;C:\Maven\LocalWareHouse\org\junit\jupiter\junit-jupiter-api\5.7.2\junit-jupiter-api-5.7.2.jar;C:\Maven\LocalWareHouse\org\apiguardian\apiguardian-api\1.1.0\apiguardian-api-1.1.0.jar;C:\Maven\LocalWareHouse\org\opentest4j\opentest4j\1.2.0\opentest4j-1.2.0.jar;C:\Maven\LocalWareHouse\org\junit\platform\junit-platform-commons\1.7.2\junit-platform-commons-1.7.2.jar;C:\Maven\LocalWareHouse\org\junit\jupiter\junit-jupiter-params\5.7.2\junit-jupiter-params-5.7.2.jar;C:\Maven\LocalWareHouse\org\junit\jupiter\junit-jupiter-engine\5.7.2\junit-jupiter-engine-5.7.2.jar;C:\Maven\LocalWareHouse\org\junit\platform\junit-platform-engine\1.7.2\junit-platform-engine-1.7.2.jar;C:\Maven\LocalWareHouse\org\mockito\mockito-core\3.9.0\mockito-core-3.9.0.jar;C:\Maven\LocalWareHouse\net\bytebuddy\byte-buddy\1.10.22\byte-buddy-1.10.22.jar;C:\Maven\LocalWareHouse\net\bytebuddy\byte-buddy-agent\1.10.22\byte-buddy-agent-1.10.22.jar;C:\Maven\LocalWareHouse\org\objenesis\objenesis\3.2\objenesis-3.2.jar;C:\Maven\LocalWareHouse\org\mockito\mockito-junit-jupiter\3.9.0\mockito-junit-jupiter-3.9.0.jar;C:\Maven\LocalWareHouse\org\skyscreamer\jsonassert\1.5.0\jsonassert-1.5.0.jar;C:\Maven\LocalWareHouse\com\vaadin\external\google\android-json\0.0.20131108.vaadin1\android-json-0.0.20131108.vaadin1.jar;C:\Maven\LocalWareHouse\org\springframework\spring-core\5.3.8\spring-core-5.3.8.jar;C:\Maven\LocalWareHouse\org\springframework\spring-jcl\5.3.8\spring-jcl-5.3.8.jar;C:\Maven\LocalWareHouse\org\springframework\spring-test\5.3.8\spring-test-5.3.8.jar;C:\Maven\LocalWareHouse\org\xmlunit\xmlunit-core\2.8.2\xmlunit-core-2.8.2.jar;C:\Maven\LocalWareHouse\javax\servlet\jstl\1.2\jstl-1.2.jar;C:\Maven\LocalWareHouse\org\apache\tomcat\embed\tomcat-embed-jasper\10.0.5\tomcat-embed-jasper-10.0.5.jar;C:\Maven\LocalWareHouse\org\apache\tomcat\embed\tomcat-embed-core\9.0.48\tomcat-embed-core-9.0.48.jar;C:\Maven\LocalWareHouse\org\apache\tomcat\tomcat-annotations-api\9.0.48\tomcat-annotations-api-9.0.48.jar;C:\Maven\LocalWareHouse\org\apache\tomcat\embed\tomcat-embed-el\9.0.48\tomcat-embed-el-9.0.48.jar;C:\Maven\LocalWareHouse\org\eclipse\jdt\ecj\3.18.0\ecj-3.18.0.jar;C:\Maven\LocalWareHouse\org\springframework\boot\spring-boot-maven-plugin\2.5.2\spring-boot-maven-plugin-2.5.2.jar;C:\Maven\LocalWareHouse\org\springframework\boot\spring-boot-buildpack-platform\2.5.2\spring-boot-buildpack-platform-2.5.2.jar;C:\Maven\LocalWareHouse\net\java\dev\jna\jna-platform\5.7.0\jna-platform-5.7.0.jar;C:\Maven\LocalWareHouse\net\java\dev\jna\jna\5.7.0\jna-5.7.0.jar;C:\Maven\LocalWareHouse\org\apache\commons\commons-compress\1.20\commons-compress-1.20.jar;C:\Maven\LocalWareHouse\org\apache\httpcomponents\httpclient\4.5.13\httpclient-4.5.13.jar;C:\Maven\LocalWareHouse\org\apache\httpcomponents\httpcore\4.4.14\httpcore-4.4.14.jar;C:\Maven\LocalWareHouse\commons-codec\commons-codec\1.15\commons-codec-1.15.jar;C:\Maven\LocalWareHouse\org\tomlj\tomlj\1.0.0\tomlj-1.0.0.jar;C:\Maven\LocalWareHouse\org\antlr\antlr4-runtime\4.7.2\antlr4-runtime-4.7.2.jar;C:\Maven\LocalWareHouse\com\google\code\findbugs\jsr305\3.0.2\jsr305-3.0.2.jar;C:\Maven\LocalWareHouse\org\springframework\boot\spring-boot-loader-tools\2.5.2\spring-boot-loader-tools-2.5.2.jar;C:\Maven\LocalWareHouse\org\apache\maven\shared\maven-common-artifact-filters\3.2.0\maven-common-artifact-filters-3.2.0.jar;C:\Maven\LocalWareHouse\org\apache\maven\maven-artifact\3.1.1\maven-artifact-3.1.1.jar;C:\Maven\LocalWareHouse\org\apache\maven\maven-model\3.1.1\maven-model-3.1.1.jar;C:\Maven\LocalWareHouse\org\apache\maven\maven-core\3.1.1\maven-core-3.1.1.jar;C:\Maven\LocalWareHouse\org\apache\maven\maven-settings\3.1.1\maven-settings-3.1.1.jar;C:\Maven\LocalWareHouse\org\apache\maven\maven-settings-builder\3.1.1\maven-settings-builder-3.1.1.jar;C:\Maven\LocalWareHouse\org\apache\maven\maven-repository-metadata\3.1.1\maven-repository-metadata-3.1.1.jar;C:\Maven\LocalWareHouse\org\apache\maven\maven-model-builder\3.1.1\maven-model-builder-3.1.1.jar;C:\Maven\LocalWareHouse\org\apache\maven\maven-aether-provider\3.1.1\maven-aether-provider-3.1.1.jar;C:\Maven\LocalWareHouse\org\eclipse\aether\aether-spi\0.9.0.M2\aether-spi-0.9.0.M2.jar;C:\Maven\LocalWareHouse\org\eclipse\aether\aether-impl\0.9.0.M2\aether-impl-0.9.0.M2.jar;C:\Maven\LocalWareHouse\org\codehaus\plexus\plexus-interpolation\1.19\plexus-interpolation-1.19.jar;C:\Maven\LocalWareHouse\org\codehaus\plexus\plexus-component-annotations\1.5.5\plexus-component-annotations-1.5.5.jar;C:\Maven\LocalWareHouse\org\sonatype\plexus\plexus-sec-dispatcher\1.3\plexus-sec-dispatcher-1.3.jar;C:\Maven\LocalWareHouse\org\sonatype\plexus\plexus-cipher\1.4\plexus-cipher-1.4.jar;C:\Maven\LocalWareHouse\commons-io\commons-io\2.6\commons-io-2.6.jar;C:\Maven\LocalWareHouse\org\eclipse\aether\aether-api\0.9.0.M2\aether-api-0.9.0.M2.jar;C:\Maven\LocalWareHouse\org\eclipse\aether\aether-util\0.9.0.M2\aether-util-0.9.0.M2.jar;C:\Maven\LocalWareHouse\org\eclipse\sisu\org.eclipse.sisu.plexus\0.0.0.M5\org.eclipse.sisu.plexus-0.0.0.M5.jar;C:\Maven\LocalWareHouse\javax\enterprise\cdi-api\1.0\cdi-api-1.0.jar;C:\Maven\LocalWareHouse\javax\annotation\jsr250-api\1.0\jsr250-api-1.0.jar;C:\Maven\LocalWareHouse\javax\inject\javax.inject\1\javax.inject-1.jar;C:\Maven\LocalWareHouse\com\google\guava\guava\10.0.1\guava-10.0.1.jar;C:\Maven\LocalWareHouse\org\sonatype\sisu\sisu-guice\3.1.0\sisu-guice-3.1.0-no_aop.jar;C:\Maven\LocalWareHouse\aopalliance\aopalliance\1.0\aopalliance-1.0.jar;C:\Maven\LocalWareHouse\org\eclipse\sisu\org.eclipse.sisu.inject\0.0.0.M5\org.eclipse.sisu.inject-0.0.0.M5.jar;C:\Maven\LocalWareHouse\org\apache\maven\shared\maven-shared-utils\3.3.3\maven-shared-utils-3.3.3.jar;C:\Maven\LocalWareHouse\org\apache\maven\maven-plugin-api\3.6.3\maven-plugin-api-3.6.3.jar;C:\Maven\LocalWareHouse\org\codehaus\plexus\plexus-utils\3.2.1\plexus-utils-3.2.1.jar;C:\Maven\LocalWareHouse\org\codehaus\plexus\plexus-classworlds\2.6.0\plexus-classworlds-2.6.0.jar;C:\Maven\LocalWareHouse\org\sonatype\plexus\plexus-build-api\0.0.7\plexus-build-api-0.0.7.jar;C:\Maven\LocalWareHouse\mysql\mysql-connector-java\8.0.25\mysql-connector-java-8.0.25.jar;C:\Maven\LocalWareHouse\com\alibaba\fastjson\1.2.76\fastjson-1.2.76.jar;C:\Maven\LocalWareHouse\org\mybatis\spring\boot\mybatis-spring-boot-starter\2.0.1\mybatis-spring-boot-starter-2.0.1.jar;C:\Maven\LocalWareHouse\org\springframework\boot\spring-boot-starter-jdbc\2.5.2\spring-boot-starter-jdbc-2.5.2.jar;C:\Maven\LocalWareHouse\com\zaxxer\HikariCP\4.0.3\HikariCP-4.0.3.jar;C:\Maven\LocalWareHouse\org\springframework\spring-jdbc\5.3.8\spring-jdbc-5.3.8.jar;C:\Maven\LocalWareHouse\org\springframework\spring-tx\5.3.8\spring-tx-5.3.8.jar;C:\Maven\LocalWareHouse\org\mybatis\spring\boot\mybatis-spring-boot-autoconfigure\2.0.1\mybatis-spring-boot-autoconfigure-2.0.1.jar;C:\Maven\LocalWareHouse\org\mybatis\mybatis\3.5.1\mybatis-3.5.1.jar;C:\Maven\LocalWareHouse\org\mybatis\mybatis-spring\2.0.1\mybatis-spring-2.0.1.jar;C:\Maven\LocalWareHouse\org\springframework\boot\spring-boot-starter-thymeleaf\2.5.2\spring-boot-starter-thymeleaf-2.5.2.jar;C:\Maven\LocalWareHouse\org\thymeleaf\thymeleaf-spring5\3.0.12.RELEASE\thymeleaf-spring5-3.0.12.RELEASE.jar;C:\Maven\LocalWareHouse\org\thymeleaf\thymeleaf\3.0.12.RELEASE\thymeleaf-3.0.12.RELEASE.jar;C:\Maven\LocalWareHouse\org\attoparser\attoparser\2.0.5.RELEASE\attoparser-2.0.5.RELEASE.jar;C:\Maven\LocalWareHouse\org\unbescape\unbescape\1.1.6.RELEASE\unbescape-1.1.6.RELEASE.jar;C:\Maven\LocalWareHouse\org\slf4j\slf4j-api\1.7.31\slf4j-api-1.7.31.jar;C:\Maven\LocalWareHouse\org\thymeleaf\extras\thymeleaf-extras-java8time\3.0.4.RELEASE\thymeleaf-extras-java8time-3.0.4.RELEASE.jar;"/>
    <property name="java.vm.vendor" value="Oracle Corporation"/>
    <property name="sun.arch.data.model" value="64"/>
    <property name="user.variant" value=""/>
    <property name="java.vendor.url" value="http://java.oracle.com/"/>
    <property name="user.timezone" value="Asia/Shanghai"/>
    <property name="java.vm.specification.version" value="1.8"/>
    <property name="os.name" value="Windows 10"/>
    <property name="user.country" value="CN"/>
    <property name="sun.java.launcher" value="SUN_STANDARD"/>
    <property name="sun.boot.library.path" value="C:\Program Files\Java\jdk1.8.0_102\jre\bin"/>
    <property name="sun.java.command" value="C:\Users\admin\AppData\Local\Temp\surefire350523324622751321\surefirebooter7513534216975029472.jar C:\Users\admin\AppData\Local\Temp\surefire350523324622751321 2021-07-13T13-42-12_217-jvmRun1 surefire6200590094100249900tmp surefire_05686717533413165800tmp"/>
    <property name="surefire.test.class.path" value="C:\Users\admin\Desktop\downloadDemo\target\test-classes;C:\Users\admin\Desktop\downloadDemo\target\classes;C:\Maven\LocalWareHouse\org\springframework\boot\spring-boot-starter-web\2.5.2\spring-boot-starter-web-2.5.2.jar;C:\Maven\LocalWareHouse\org\springframework\boot\spring-boot-starter\2.5.2\spring-boot-starter-2.5.2.jar;C:\Maven\LocalWareHouse\org\springframework\boot\spring-boot\2.5.2\spring-boot-2.5.2.jar;C:\Maven\LocalWareHouse\org\springframework\boot\spring-boot-autoconfigure\2.5.2\spring-boot-autoconfigure-2.5.2.jar;C:\Maven\LocalWareHouse\org\springframework\boot\spring-boot-starter-logging\2.5.2\spring-boot-starter-logging-2.5.2.jar;C:\Maven\LocalWareHouse\ch\qos\logback\logback-classic\1.2.3\logback-classic-1.2.3.jar;C:\Maven\LocalWareHouse\ch\qos\logback\logback-core\1.2.3\logback-core-1.2.3.jar;C:\Maven\LocalWareHouse\org\apache\logging\log4j\log4j-to-slf4j\2.14.1\log4j-to-slf4j-2.14.1.jar;C:\Maven\LocalWareHouse\org\apache\logging\log4j\log4j-api\2.14.1\log4j-api-2.14.1.jar;C:\Maven\LocalWareHouse\org\slf4j\jul-to-slf4j\1.7.31\jul-to-slf4j-1.7.31.jar;C:\Maven\LocalWareHouse\jakarta\annotation\jakarta.annotation-api\1.3.5\jakarta.annotation-api-1.3.5.jar;C:\Maven\LocalWareHouse\org\yaml\snakeyaml\1.28\snakeyaml-1.28.jar;C:\Maven\LocalWareHouse\org\springframework\boot\spring-boot-starter-json\2.5.2\spring-boot-starter-json-2.5.2.jar;C:\Maven\LocalWareHouse\com\fasterxml\jackson\core\jackson-databind\2.12.3\jackson-databind-2.12.3.jar;C:\Maven\LocalWareHouse\com\fasterxml\jackson\core\jackson-annotations\2.12.3\jackson-annotations-2.12.3.jar;C:\Maven\LocalWareHouse\com\fasterxml\jackson\core\jackson-core\2.12.3\jackson-core-2.12.3.jar;C:\Maven\LocalWareHouse\com\fasterxml\jackson\datatype\jackson-datatype-jdk8\2.12.3\jackson-datatype-jdk8-2.12.3.jar;C:\Maven\LocalWareHouse\com\fasterxml\jackson\datatype\jackson-datatype-jsr310\2.12.3\jackson-datatype-jsr310-2.12.3.jar;C:\Maven\LocalWareHouse\com\fasterxml\jackson\module\jackson-module-parameter-names\2.12.3\jackson-module-parameter-names-2.12.3.jar;C:\Maven\LocalWareHouse\org\springframework\boot\spring-boot-starter-tomcat\2.5.2\spring-boot-starter-tomcat-2.5.2.jar;C:\Maven\LocalWareHouse\org\apache\tomcat\embed\tomcat-embed-websocket\9.0.48\tomcat-embed-websocket-9.0.48.jar;C:\Maven\LocalWareHouse\org\springframework\spring-web\5.3.8\spring-web-5.3.8.jar;C:\Maven\LocalWareHouse\org\springframework\spring-beans\5.3.8\spring-beans-5.3.8.jar;C:\Maven\LocalWareHouse\org\springframework\spring-webmvc\5.3.8\spring-webmvc-5.3.8.jar;C:\Maven\LocalWareHouse\org\springframework\spring-aop\5.3.8\spring-aop-5.3.8.jar;C:\Maven\LocalWareHouse\org\springframework\spring-context\5.3.8\spring-context-5.3.8.jar;C:\Maven\LocalWareHouse\org\springframework\spring-expression\5.3.8\spring-expression-5.3.8.jar;C:\Maven\LocalWareHouse\org\springframework\boot\spring-boot-starter-web-services\2.5.2\spring-boot-starter-web-services-2.5.2.jar;C:\Maven\LocalWareHouse\com\sun\xml\messaging\saaj\saaj-impl\1.5.3\saaj-impl-1.5.3.jar;C:\Maven\LocalWareHouse\jakarta\xml\soap\jakarta.xml.soap-api\1.4.2\jakarta.xml.soap-api-1.4.2.jar;C:\Maven\LocalWareHouse\org\jvnet\staxex\stax-ex\1.8.3\stax-ex-1.8.3.jar;C:\Maven\LocalWareHouse\com\sun\activation\jakarta.activation\1.2.2\jakarta.activation-1.2.2.jar;C:\Maven\LocalWareHouse\jakarta\xml\ws\jakarta.xml.ws-api\2.3.3\jakarta.xml.ws-api-2.3.3.jar;C:\Maven\LocalWareHouse\jakarta\jws\jakarta.jws-api\2.1.0\jakarta.jws-api-2.1.0.jar;C:\Maven\LocalWareHouse\org\springframework\spring-oxm\5.3.8\spring-oxm-5.3.8.jar;C:\Maven\LocalWareHouse\org\springframework\ws\spring-ws-core\3.1.1\spring-ws-core-3.1.1.jar;C:\Maven\LocalWareHouse\org\springframework\ws\spring-xml\3.1.1\spring-xml-3.1.1.jar;C:\Maven\LocalWareHouse\org\projectlombok\lombok\1.18.20\lombok-1.18.20.jar;C:\Maven\LocalWareHouse\org\springframework\boot\spring-boot-starter-test\2.5.2\spring-boot-starter-test-2.5.2.jar;C:\Maven\LocalWareHouse\org\springframework\boot\spring-boot-test\2.5.2\spring-boot-test-2.5.2.jar;C:\Maven\LocalWareHouse\org\springframework\boot\spring-boot-test-autoconfigure\2.5.2\spring-boot-test-autoconfigure-2.5.2.jar;C:\Maven\LocalWareHouse\com\jayway\jsonpath\json-path\2.5.0\json-path-2.5.0.jar;C:\Maven\LocalWareHouse\net\minidev\json-smart\2.4.7\json-smart-2.4.7.jar;C:\Maven\LocalWareHouse\net\minidev\accessors-smart\2.4.7\accessors-smart-2.4.7.jar;C:\Maven\LocalWareHouse\org\ow2\asm\asm\9.1\asm-9.1.jar;C:\Maven\LocalWareHouse\jakarta\xml\bind\jakarta.xml.bind-api\2.3.3\jakarta.xml.bind-api-2.3.3.jar;C:\Maven\LocalWareHouse\jakarta\activation\jakarta.activation-api\1.2.2\jakarta.activation-api-1.2.2.jar;C:\Maven\LocalWareHouse\org\assertj\assertj-core\3.19.0\assertj-core-3.19.0.jar;C:\Maven\LocalWareHouse\org\hamcrest\hamcrest\2.2\hamcrest-2.2.jar;C:\Maven\LocalWareHouse\org\junit\jupiter\junit-jupiter\5.7.2\junit-jupiter-5.7.2.jar;C:\Maven\LocalWareHouse\org\junit\jupiter\junit-jupiter-api\5.7.2\junit-jupiter-api-5.7.2.jar;C:\Maven\LocalWareHouse\org\apiguardian\apiguardian-api\1.1.0\apiguardian-api-1.1.0.jar;C:\Maven\LocalWareHouse\org\opentest4j\opentest4j\1.2.0\opentest4j-1.2.0.jar;C:\Maven\LocalWareHouse\org\junit\platform\junit-platform-commons\1.7.2\junit-platform-commons-1.7.2.jar;C:\Maven\LocalWareHouse\org\junit\jupiter\junit-jupiter-params\5.7.2\junit-jupiter-params-5.7.2.jar;C:\Maven\LocalWareHouse\org\junit\jupiter\junit-jupiter-engine\5.7.2\junit-jupiter-engine-5.7.2.jar;C:\Maven\LocalWareHouse\org\junit\platform\junit-platform-engine\1.7.2\junit-platform-engine-1.7.2.jar;C:\Maven\LocalWareHouse\org\mockito\mockito-core\3.9.0\mockito-core-3.9.0.jar;C:\Maven\LocalWareHouse\net\bytebuddy\byte-buddy\1.10.22\byte-buddy-1.10.22.jar;C:\Maven\LocalWareHouse\net\bytebuddy\byte-buddy-agent\1.10.22\byte-buddy-agent-1.10.22.jar;C:\Maven\LocalWareHouse\org\objenesis\objenesis\3.2\objenesis-3.2.jar;C:\Maven\LocalWareHouse\org\mockito\mockito-junit-jupiter\3.9.0\mockito-junit-jupiter-3.9.0.jar;C:\Maven\LocalWareHouse\org\skyscreamer\jsonassert\1.5.0\jsonassert-1.5.0.jar;C:\Maven\LocalWareHouse\com\vaadin\external\google\android-json\0.0.20131108.vaadin1\android-json-0.0.20131108.vaadin1.jar;C:\Maven\LocalWareHouse\org\springframework\spring-core\5.3.8\spring-core-5.3.8.jar;C:\Maven\LocalWareHouse\org\springframework\spring-jcl\5.3.8\spring-jcl-5.3.8.jar;C:\Maven\LocalWareHouse\org\springframework\spring-test\5.3.8\spring-test-5.3.8.jar;C:\Maven\LocalWareHouse\org\xmlunit\xmlunit-core\2.8.2\xmlunit-core-2.8.2.jar;C:\Maven\LocalWareHouse\javax\servlet\jstl\1.2\jstl-1.2.jar;C:\Maven\LocalWareHouse\org\apache\tomcat\embed\tomcat-embed-jasper\10.0.5\tomcat-embed-jasper-10.0.5.jar;C:\Maven\LocalWareHouse\org\apache\tomcat\embed\tomcat-embed-core\9.0.48\tomcat-embed-core-9.0.48.jar;C:\Maven\LocalWareHouse\org\apache\tomcat\tomcat-annotations-api\9.0.48\tomcat-annotations-api-9.0.48.jar;C:\Maven\LocalWareHouse\org\apache\tomcat\embed\tomcat-embed-el\9.0.48\tomcat-embed-el-9.0.48.jar;C:\Maven\LocalWareHouse\org\eclipse\jdt\ecj\3.18.0\ecj-3.18.0.jar;C:\Maven\LocalWareHouse\org\springframework\boot\spring-boot-maven-plugin\2.5.2\spring-boot-maven-plugin-2.5.2.jar;C:\Maven\LocalWareHouse\org\springframework\boot\spring-boot-buildpack-platform\2.5.2\spring-boot-buildpack-platform-2.5.2.jar;C:\Maven\LocalWareHouse\net\java\dev\jna\jna-platform\5.7.0\jna-platform-5.7.0.jar;C:\Maven\LocalWareHouse\net\java\dev\jna\jna\5.7.0\jna-5.7.0.jar;C:\Maven\LocalWareHouse\org\apache\commons\commons-compress\1.20\commons-compress-1.20.jar;C:\Maven\LocalWareHouse\org\apache\httpcomponents\httpclient\4.5.13\httpclient-4.5.13.jar;C:\Maven\LocalWareHouse\org\apache\httpcomponents\httpcore\4.4.14\httpcore-4.4.14.jar;C:\Maven\LocalWareHouse\commons-codec\commons-codec\1.15\commons-codec-1.15.jar;C:\Maven\LocalWareHouse\org\tomlj\tomlj\1.0.0\tomlj-1.0.0.jar;C:\Maven\LocalWareHouse\org\antlr\antlr4-runtime\4.7.2\antlr4-runtime-4.7.2.jar;C:\Maven\LocalWareHouse\com\google\code\findbugs\jsr305\3.0.2\jsr305-3.0.2.jar;C:\Maven\LocalWareHouse\org\springframework\boot\spring-boot-loader-tools\2.5.2\spring-boot-loader-tools-2.5.2.jar;C:\Maven\LocalWareHouse\org\apache\maven\shared\maven-common-artifact-filters\3.2.0\maven-common-artifact-filters-3.2.0.jar;C:\Maven\LocalWareHouse\org\apache\maven\maven-artifact\3.1.1\maven-artifact-3.1.1.jar;C:\Maven\LocalWareHouse\org\apache\maven\maven-model\3.1.1\maven-model-3.1.1.jar;C:\Maven\LocalWareHouse\org\apache\maven\maven-core\3.1.1\maven-core-3.1.1.jar;C:\Maven\LocalWareHouse\org\apache\maven\maven-settings\3.1.1\maven-settings-3.1.1.jar;C:\Maven\LocalWareHouse\org\apache\maven\maven-settings-builder\3.1.1\maven-settings-builder-3.1.1.jar;C:\Maven\LocalWareHouse\org\apache\maven\maven-repository-metadata\3.1.1\maven-repository-metadata-3.1.1.jar;C:\Maven\LocalWareHouse\org\apache\maven\maven-model-builder\3.1.1\maven-model-builder-3.1.1.jar;C:\Maven\LocalWareHouse\org\apache\maven\maven-aether-provider\3.1.1\maven-aether-provider-3.1.1.jar;C:\Maven\LocalWareHouse\org\eclipse\aether\aether-spi\0.9.0.M2\aether-spi-0.9.0.M2.jar;C:\Maven\LocalWareHouse\org\eclipse\aether\aether-impl\0.9.0.M2\aether-impl-0.9.0.M2.jar;C:\Maven\LocalWareHouse\org\codehaus\plexus\plexus-interpolation\1.19\plexus-interpolation-1.19.jar;C:\Maven\LocalWareHouse\org\codehaus\plexus\plexus-component-annotations\1.5.5\plexus-component-annotations-1.5.5.jar;C:\Maven\LocalWareHouse\org\sonatype\plexus\plexus-sec-dispatcher\1.3\plexus-sec-dispatcher-1.3.jar;C:\Maven\LocalWareHouse\org\sonatype\plexus\plexus-cipher\1.4\plexus-cipher-1.4.jar;C:\Maven\LocalWareHouse\commons-io\commons-io\2.6\commons-io-2.6.jar;C:\Maven\LocalWareHouse\org\eclipse\aether\aether-api\0.9.0.M2\aether-api-0.9.0.M2.jar;C:\Maven\LocalWareHouse\org\eclipse\aether\aether-util\0.9.0.M2\aether-util-0.9.0.M2.jar;C:\Maven\LocalWareHouse\org\eclipse\sisu\org.eclipse.sisu.plexus\0.0.0.M5\org.eclipse.sisu.plexus-0.0.0.M5.jar;C:\Maven\LocalWareHouse\javax\enterprise\cdi-api\1.0\cdi-api-1.0.jar;C:\Maven\LocalWareHouse\javax\annotation\jsr250-api\1.0\jsr250-api-1.0.jar;C:\Maven\LocalWareHouse\javax\inject\javax.inject\1\javax.inject-1.jar;C:\Maven\LocalWareHouse\com\google\guava\guava\10.0.1\guava-10.0.1.jar;C:\Maven\LocalWareHouse\org\sonatype\sisu\sisu-guice\3.1.0\sisu-guice-3.1.0-no_aop.jar;C:\Maven\LocalWareHouse\aopalliance\aopalliance\1.0\aopalliance-1.0.jar;C:\Maven\LocalWareHouse\org\eclipse\sisu\org.eclipse.sisu.inject\0.0.0.M5\org.eclipse.sisu.inject-0.0.0.M5.jar;C:\Maven\LocalWareHouse\org\apache\maven\shared\maven-shared-utils\3.3.3\maven-shared-utils-3.3.3.jar;C:\Maven\LocalWareHouse\org\apache\maven\maven-plugin-api\3.6.3\maven-plugin-api-3.6.3.jar;C:\Maven\LocalWareHouse\org\codehaus\plexus\plexus-utils\3.2.1\plexus-utils-3.2.1.jar;C:\Maven\LocalWareHouse\org\codehaus\plexus\plexus-classworlds\2.6.0\plexus-classworlds-2.6.0.jar;C:\Maven\LocalWareHouse\org\sonatype\plexus\plexus-build-api\0.0.7\plexus-build-api-0.0.7.jar;C:\Maven\LocalWareHouse\mysql\mysql-connector-java\8.0.25\mysql-connector-java-8.0.25.jar;C:\Maven\LocalWareHouse\com\alibaba\fastjson\1.2.76\fastjson-1.2.76.jar;C:\Maven\LocalWareHouse\org\mybatis\spring\boot\mybatis-spring-boot-starter\2.0.1\mybatis-spring-boot-starter-2.0.1.jar;C:\Maven\LocalWareHouse\org\springframework\boot\spring-boot-starter-jdbc\2.5.2\spring-boot-starter-jdbc-2.5.2.jar;C:\Maven\LocalWareHouse\com\zaxxer\HikariCP\4.0.3\HikariCP-4.0.3.jar;C:\Maven\LocalWareHouse\org\springframework\spring-jdbc\5.3.8\spring-jdbc-5.3.8.jar;C:\Maven\LocalWareHouse\org\springframework\spring-tx\5.3.8\spring-tx-5.3.8.jar;C:\Maven\LocalWareHouse\org\mybatis\spring\boot\mybatis-spring-boot-autoconfigure\2.0.1\mybatis-spring-boot-autoconfigure-2.0.1.jar;C:\Maven\LocalWareHouse\org\mybatis\mybatis\3.5.1\mybatis-3.5.1.jar;C:\Maven\LocalWareHouse\org\mybatis\mybatis-spring\2.0.1\mybatis-spring-2.0.1.jar;C:\Maven\LocalWareHouse\org\springframework\boot\spring-boot-starter-thymeleaf\2.5.2\spring-boot-starter-thymeleaf-2.5.2.jar;C:\Maven\LocalWareHouse\org\thymeleaf\thymeleaf-spring5\3.0.12.RELEASE\thymeleaf-spring5-3.0.12.RELEASE.jar;C:\Maven\LocalWareHouse\org\thymeleaf\thymeleaf\3.0.12.RELEASE\thymeleaf-3.0.12.RELEASE.jar;C:\Maven\LocalWareHouse\org\attoparser\attoparser\2.0.5.RELEASE\attoparser-2.0.5.RELEASE.jar;C:\Maven\LocalWareHouse\org\unbescape\unbescape\1.1.6.RELEASE\unbescape-1.1.6.RELEASE.jar;C:\Maven\LocalWareHouse\org\slf4j\slf4j-api\1.7.31\slf4j-api-1.7.31.jar;C:\Maven\LocalWareHouse\org\thymeleaf\extras\thymeleaf-extras-java8time\3.0.4.RELEASE\thymeleaf-extras-java8time-3.0.4.RELEASE.jar;"/>
    <property name="sun.cpu.endian" value="little"/>
    <property name="user.home" value="C:\Users\admin"/>
    <property name="user.language" value="zh"/>
    <property name="java.specification.vendor" value="Oracle Corporation"/>
    <property name="java.home" value="C:\Program Files\Java\jdk1.8.0_102\jre"/>
    <property name="basedir" value="C:\Users\admin\Desktop\downloadDemo"/>
    <property name="file.separator" value="\"/>
    <property name="line.separator" value="&#10;"/>
    <property name="java.vm.specification.vendor" value="Oracle Corporation"/>
    <property name="java.specification.name" value="Java Platform API Specification"/>
    <property name="java.awt.graphicsenv" value="sun.awt.Win32GraphicsEnvironment"/>
    <property name="surefire.real.class.path" value="C:\Users\admin\AppData\Local\Temp\surefire350523324622751321\surefirebooter7513534216975029472.jar"/>
    <property name="sun.boot.class.path" value="C:\Program Files\Java\jdk1.8.0_102\jre\lib\resources.jar;C:\Program Files\Java\jdk1.8.0_102\jre\lib\rt.jar;C:\Program Files\Java\jdk1.8.0_102\jre\lib\sunrsasign.jar;C:\Program Files\Java\jdk1.8.0_102\jre\lib\jsse.jar;C:\Program Files\Java\jdk1.8.0_102\jre\lib\jce.jar;C:\Program Files\Java\jdk1.8.0_102\jre\lib\charsets.jar;C:\Program Files\Java\jdk1.8.0_102\jre\lib\jfr.jar;C:\Program Files\Java\jdk1.8.0_102\jre\classes"/>
    <property name="user.script" value=""/>
    <property name="sun.management.compiler" value="HotSpot 64-Bit Tiered Compilers"/>
    <property name="java.runtime.version" value="1.8.0_102-b14"/>
    <property name="user.name" value="admin"/>
    <property name="path.separator" value=";"/>
    <property name="os.version" value="10.0"/>
    <property name="java.endorsed.dirs" value="C:\Program Files\Java\jdk1.8.0_102\jre\lib\endorsed"/>
    <property name="java.runtime.name" value="Java(TM) SE Runtime Environment"/>
    <property name="file.encoding" value="GBK"/>
    <property name="java.vm.name" value="Java HotSpot(TM) 64-Bit Server VM"/>
    <property name="localRepository" value="C:\Maven\LocalWareHouse"/>
    <property name="java.vendor.url.bug" value="http://bugreport.sun.com/bugreport/"/>
    <property name="java.io.tmpdir" value="C:\Users\admin\AppData\Local\Temp\"/>
    <property name="idea.version" value="2021.1"/>
    <property name="java.version" value="1.8.0_102"/>
    <property name="user.dir" value="C:\Users\admin\Desktop\downloadDemo"/>
    <property name="os.arch" value="amd64"/>
    <property name="java.vm.specification.name" value="Java Virtual Machine Specification"/>
    <property name="java.awt.printerjob" value="sun.awt.windows.WPrinterJob"/>
    <property name="sun.os.patch.level" value=""/>
    <property name="java.library.path" value="C:\Program Files\Java\jdk1.8.0_102\jre\bin;C:\Windows\Sun\Java\bin;C:\Windows\system32;C:\Windows;C:\ProgramData\Oracle\Java\javapath;C:\Program Files (x86)\NetSarang\Xftp 6\;C:\Program Files (x86)\NetSarang\Xshell 6\;C:\Windows\system32;C:\Windows;C:\Windows\System32\Wbem;C:\Windows\System32\WindowsPowerShell\v1.0\;C:\Windows\System32\OpenSSH\;C:\Program Files (x86)\HP\IdrsOCR_15.2.10.1114\;&quot;C:\Program Files\Java\jdk1.8.0_102\bin;C:\Program Files\Java\jdk1.8.0_102\jre\bin;&quot;;C:\Maven\apache-maven-3.8.1\bin;C:\tomcat\apache-tomcat-10.0.6\bin;C:\Program Files\Git\cmd;C:\Users\admin\AppData\Local\Microsoft\WindowsApps;;C:\Fiddler;C:\Microsoft VS Code\bin;."/>
    <property name="java.vm.info" value="mixed mode"/>
    <property name="java.vendor" value="Oracle Corporation"/>
    <property name="java.vm.version" value="25.102-b14"/>
    <property name="java.ext.dirs" value="C:\Program Files\Java\jdk1.8.0_102\jre\lib\ext;C:\Windows\Sun\Java\lib\ext"/>
    <property name="sun.io.unicode.encoding" value="UnicodeLittle"/>
    <property name="maven.repo.local" value="C:\Maven\LocalWareHouse"/>
    <property name="java.class.version" value="52.0"/>
  </properties>
  <testcase name="contextLoads" classname="com.yqz.download.DownloadDemoApplicationTests" time="0.354"/>
</testsuite>